This is pdfTeX, Version 3.14159265-2.6-1.40.21 (MiKTeX 2.9.7380 64-bit) (preloaded format=pdflatex 2020.4.21)  25 MAY 2020 13:18
entering extended mode
**./rapport.tex
(rapport.tex
LaTeX2e <2020-02-02> patch level 5
L3 programming layer <2020-04-06>
("C:\Users\Christophe Marciot\AppData\Local\Programs\MiKTeX 2.9\tex/latex/extsi
zes\extarticle.cls"
Document Class: extarticle 1996/10/08 v1.0 Non Standard LaTeX document class

("C:\Users\Christophe Marciot\AppData\Local\Programs\MiKTeX 2.9\tex/latex/extsi
zes\size9.clo"
File: size9.clo 1999/11/11 v1.4a NON-Standard LaTeX file (size option)
)
("C:\Users\Christophe Marciot\AppData\Local\Programs\MiKTeX 2.9\tex/latex/base\
exscale.sty"
Package: exscale 2018/09/24 v2.1i Standard LaTeX package exscale
LaTeX Font Info:    Redeclaring symbol font `largesymbols' on input line 57.
LaTeX Font Info:    Overwriting symbol font `largesymbols' in version `normal'
(Font)                  OMX/cmex/m/n --> OMX/cmex/m/n on input line 57.
LaTeX Font Info:    Overwriting symbol font `largesymbols' in version `bold'
(Font)                  OMX/cmex/m/n --> OMX/cmex/m/n on input line 57.
\big@size=\dimen134
)
\c@part=\count167
\c@section=\count168
\c@subsection=\count169
\c@subsubsection=\count170
\c@paragraph=\count171
\c@subparagraph=\count172
\c@figure=\count173
\c@table=\count174
\abovecaptionskip=\skip47
\belowcaptionskip=\skip48
\bibindent=\dimen135
)
("C:\Users\Christophe Marciot\AppData\Local\Programs\MiKTeX 2.9\tex/latex/base\
inputenc.sty"
Package: inputenc 2018/08/11 v1.3c Input encoding file
\inpenc@prehook=\toks15
\inpenc@posthook=\toks16
)
("C:\Users\Christophe Marciot\AppData\Local\Programs\MiKTeX 2.9\tex/latex/base\
fontenc.sty"
Package: fontenc 2020/02/11 v2.0o Standard LaTeX package
)
("C:\Users\Christophe Marciot\AppData\Local\Programs\MiKTeX 2.9\tex/generic/bab
el\babel.sty"
Package: babel 2020/03/22 3.42 The Babel package

("C:\Users\Christophe Marciot\AppData\Local\Programs\MiKTeX 2.9\tex/generic/bab
el\switch.def"
File: switch.def 2020/03/22 3.42 Babel switching mechanism
)
*************************************
* Local config file bblopts.cfg used
*

("C:\Users\Christophe Marciot\AppData\Local\Programs\MiKTeX 2.9\tex/latex/arabi
\bblopts.cfg"
File: bblopts.cfg 2005/09/08 v0.1 add Arabic and Farsi to "declared" options of
 babel
)
Package babel Info: You haven't specified a language. I'll use 'nil'
(babel)             as the main language. Reported on input line 573.

("C:\Users\Christophe Marciot\AppData\Local\Programs\MiKTeX 2.9\tex/generic/bab
el\nil.ldf"
Language: nil 2020/03/22 3.42 Nil language

("C:\Users\Christophe Marciot\AppData\Local\Programs\MiKTeX 2.9\tex/generic/bab
el\babel.def"
File: babel.def 2020/03/22 3.42 Babel common definitions
\babel@savecnt=\count175
\U@D=\dimen136

("C:\Users\Christophe Marciot\AppData\Local\Programs\MiKTeX 2.9\tex/generic/bab
el\txtbabel.def")
\bbl@readstream=\read2
\bbl@dirlevel=\count176
)
\l@nil=\language82
))
("C:\Users\Christophe Marciot\AppData\Local\Programs\MiKTeX 2.9\tex/latex/blind
text\blindtext.sty"
Package: blindtext 2012/01/06 V2.0 blindtext-Package

("C:\Users\Christophe Marciot\AppData\Local\Programs\MiKTeX 2.9\tex/latex/tools
\xspace.sty"
Package: xspace 2014/10/28 v1.13 Space after command names (DPC,MH)
)
\c@blindtext=\count177
\c@Blindtext=\count178
\c@blind@countparstart=\count179
\blind@countxx=\count180
\blindtext@numBlindtext=\count181
\blind@countyy=\count182
\c@blindlist=\count183
\c@blindlistlevel=\count184
\c@blindlist@level=\count185
\blind@listitem=\count186
\c@blind@listcount=\count187
\c@blind@levelcount=\count188
\blind@mathformula=\count189
\blind@Mathformula=\count190
\c@blind@randomcount=\count191
\c@blind@randommax=\count192
\c@blind@pangramcount=\count193
\c@blind@pangrammax=\count194
)
("C:\Users\Christophe Marciot\AppData\Local\Programs\MiKTeX 2.9\tex/latex/geome
try\geometry.sty"
Package: geometry 2020/01/02 v5.9 Page Geometry

("C:\Users\Christophe Marciot\AppData\Local\Programs\MiKTeX 2.9\tex/latex/graph
ics\keyval.sty"
Package: keyval 2014/10/28 v1.15 key=value parser (DPC)
\KV@toks@=\toks17
)
("C:\Users\Christophe Marciot\AppData\Local\Programs\MiKTeX 2.9\tex/generic/ift
ex\ifvtex.sty"
Package: ifvtex 2019/10/25 v1.7 ifvtex legacy package. Use iftex instead.

("C:\Users\Christophe Marciot\AppData\Local\Programs\MiKTeX 2.9\tex/generic/ift
ex\iftex.sty"
Package: iftex 2020/03/06 v1.0d TeX engine tests
))
\Gm@cnth=\count195
\Gm@cntv=\count196
\c@Gm@tempcnt=\count197
\Gm@bindingoffset=\dimen137
\Gm@wd@mp=\dimen138
\Gm@odd@mp=\dimen139
\Gm@even@mp=\dimen140
\Gm@layoutwidth=\dimen141
\Gm@layoutheight=\dimen142
\Gm@layouthoffset=\dimen143
\Gm@layoutvoffset=\dimen144
\Gm@dimlist=\toks18

("C:\Users\Christophe Marciot\AppData\Local\Programs\MiKTeX 2.9\tex/latex/geome
try\geometry.cfg"))
("C:\Users\Christophe Marciot\AppData\Local\Programs\MiKTeX 2.9\tex/latex/datet
ime2\datetime2.sty"
Package: datetime2 2020/03/02 v1.5.6 (NLCT) date and time formats

("C:\Users\Christophe Marciot\AppData\Local\Programs\MiKTeX 2.9\tex/latex/track
lang\tracklang.sty"
Package: tracklang 2019/11/30 v1.4 (NLCT) Track Languages

("C:\Users\Christophe Marciot\AppData\Local\Programs\MiKTeX 2.9\tex/generic/tra
cklang\tracklang.tex"))
("C:\Users\Christophe Marciot\AppData\Local\Programs\MiKTeX 2.9\tex/latex/etool
box\etoolbox.sty"
Package: etoolbox 2019/09/21 v2.5h e-TeX tools for LaTeX (JAW)
\etb@tempcnta=\count198
)
("C:\Users\Christophe Marciot\AppData\Local\Programs\MiKTeX 2.9\tex/latex/xkeyv
al\xkeyval.sty"
Package: xkeyval 2014/12/03 v2.7a package option processing (HA)

("C:\Users\Christophe Marciot\AppData\Local\Programs\MiKTeX 2.9\tex/generic/xke
yval\xkeyval.tex"
("C:\Users\Christophe Marciot\AppData\Local\Programs\MiKTeX 2.9\tex/generic/xke
yval\xkvutils.tex"
\XKV@toks=\toks19
\XKV@tempa@toks=\toks20
)
\XKV@depth=\count199
File: xkeyval.tex 2014/12/03 v2.7a key=value parser (HA)
)))
("C:\Users\Christophe Marciot\AppData\Local\Programs\MiKTeX 2.9\tex/latex/matht
ools\mathtools.sty"
Package: mathtools 2020/03/24 v1.24 mathematical typesetting tools

("C:\Users\Christophe Marciot\AppData\Local\Programs\MiKTeX 2.9\tex/latex/tools
\calc.sty"
Package: calc 2017/05/25 v4.3 Infix arithmetic (KKT,FJ)
\calc@Acount=\count266
\calc@Bcount=\count267
\calc@Adimen=\dimen145
\calc@Bdimen=\dimen146
\calc@Askip=\skip49
\calc@Bskip=\skip50
LaTeX Info: Redefining \setlength on input line 80.
LaTeX Info: Redefining \addtolength on input line 81.
\calc@Ccount=\count268
\calc@Cskip=\skip51
)
("C:\Users\Christophe Marciot\AppData\Local\Programs\MiKTeX 2.9\tex/latex/matht
ools\mhsetup.sty"
Package: mhsetup 2017/03/31 v1.3 programming setup (MH)
)
("C:\Users\Christophe Marciot\AppData\Local\Programs\MiKTeX 2.9\tex/latex/amsma
th\amsmath.sty"
Package: amsmath 2020/01/20 v2.17e AMS math features
\@mathmargin=\skip52

For additional information on amsmath, use the `?' option.

("C:\Users\Christophe Marciot\AppData\Local\Programs\MiKTeX 2.9\tex/latex/amsma
th\amstext.sty"
Package: amstext 2000/06/29 v2.01 AMS text

("C:\Users\Christophe Marciot\AppData\Local\Programs\MiKTeX 2.9\tex/latex/amsma
th\amsgen.sty"
File: amsgen.sty 1999/11/30 v2.0 generic functions
\@emptytoks=\toks21
\ex@=\dimen147
))
("C:\Users\Christophe Marciot\AppData\Local\Programs\MiKTeX 2.9\tex/latex/amsma
th\amsbsy.sty"
Package: amsbsy 1999/11/29 v1.2d Bold Symbols
\pmbraise@=\dimen148
)
("C:\Users\Christophe Marciot\AppData\Local\Programs\MiKTeX 2.9\tex/latex/amsma
th\amsopn.sty"
Package: amsopn 2016/03/08 v2.02 operator names
)
\inf@bad=\count269
LaTeX Info: Redefining \frac on input line 227.
\uproot@=\count270
\leftroot@=\count271
LaTeX Info: Redefining \overline on input line 389.
\classnum@=\count272
\DOTSCASE@=\count273
LaTeX Info: Redefining \ldots on input line 486.
LaTeX Info: Redefining \dots on input line 489.
LaTeX Info: Redefining \cdots on input line 610.
\Mathstrutbox@=\box45
\strutbox@=\box46
\big@size=\dimen149
LaTeX Font Info:    Redeclaring font encoding OML on input line 733.
LaTeX Font Info:    Redeclaring font encoding OMS on input line 734.
\macc@depth=\count274
\c@MaxMatrixCols=\count275
\dotsspace@=\muskip16
\c@parentequation=\count276
\dspbrk@lvl=\count277
\tag@help=\toks22
\row@=\count278
\column@=\count279
\maxfields@=\count280
\andhelp@=\toks23
\eqnshift@=\dimen150
\alignsep@=\dimen151
\tagshift@=\dimen152
\tagwidth@=\dimen153
\totwidth@=\dimen154
\lineht@=\dimen155
\@envbody=\toks24
\multlinegap=\skip53
\multlinetaggap=\skip54
\mathdisplay@stack=\toks25
LaTeX Info: Redefining \[ on input line 2859.
LaTeX Info: Redefining \] on input line 2860.
)
LaTeX Info: Thecontrolsequence`\('isalreadyrobust on input line 130.
LaTeX Info: Thecontrolsequence`\)'isalreadyrobust on input line 130.
LaTeX Info: Thecontrolsequence`\['isalreadyrobust on input line 130.
LaTeX Info: Thecontrolsequence`\]'isalreadyrobust on input line 130.
\g_MT_multlinerow_int=\count281
\l_MT_multwidth_dim=\dimen156
\origjot=\skip55
\l_MT_shortvdotswithinadjustabove_dim=\dimen157
\l_MT_shortvdotswithinadjustbelow_dim=\dimen158
\l_MT_above_intertext_sep=\dimen159
\l_MT_below_intertext_sep=\dimen160
\l_MT_above_shortintertext_sep=\dimen161
\l_MT_below_shortintertext_sep=\dimen162
\xmathstrut@box=\box47
\xmathstrut@dim=\dimen163
)
("C:\Users\Christophe Marciot\AppData\Local\Programs\MiKTeX 2.9\tex/latex/enumi
tem\enumitem.sty"
Package: enumitem 2019/06/20 v3.9 Customized lists
\labelindent=\skip56
\enit@outerparindent=\dimen164
\enit@toks=\toks26
\enit@inbox=\box48
\enit@count@id=\count282
\enitdp@description=\count283
)
("C:\Users\Christophe Marciot\AppData\Local\Programs\MiKTeX 2.9\tex/latex/l3bac
kend\l3backend-pdfmode.def"
File: l3backend-pdfmode.def 2020-03-12 L3 backend support: PDF mode
\l__kernel_color_stack_int=\count284
\l__pdf_internal_box=\box49
) (rapport.aux)
\openout1 = `rapport.aux'.

LaTeX Font Info:    Checking defaults for OML/cmm/m/it on input line 20.
LaTeX Font Info:    ... okay on input line 20.
LaTeX Font Info:    Checking defaults for OMS/cmsy/m/n on input line 20.
LaTeX Font Info:    ... okay on input line 20.
LaTeX Font Info:    Checking defaults for OT1/cmr/m/n on input line 20.
LaTeX Font Info:    ... okay on input line 20.
LaTeX Font Info:    Checking defaults for T1/cmr/m/n on input line 20.
LaTeX Font Info:    ... okay on input line 20.
LaTeX Font Info:    Checking defaults for TS1/cmr/m/n on input line 20.
LaTeX Font Info:    ... okay on input line 20.
LaTeX Font Info:    Checking defaults for OMX/cmex/m/n on input line 20.
LaTeX Font Info:    ... okay on input line 20.
LaTeX Font Info:    Checking defaults for U/cmr/m/n on input line 20.
LaTeX Font Info:    ... okay on input line 20.

*geometry* driver: auto-detecting
*geometry* detected driver: pdftex
*geometry* verbose mode - [ preamble ] result:
* driver: pdftex
* paper: <default>
* layout: <same size as paper>
* layoutoffset:(h,v)=(0.0pt,0.0pt)
* modes: 
* h-part:(L,W,R)=(57.81621pt, 498.66258pt, 57.81621pt)
* v-part:(T,H,B)=(57.81621pt, 679.33757pt, 57.81621pt)
* \paperwidth=614.295pt
* \paperheight=794.96999pt
* \textwidth=498.66258pt
* \textheight=679.33757pt
* \oddsidemargin=-14.45378pt
* \evensidemargin=-14.45378pt
* \topmargin=-51.45378pt
* \headheight=12.0pt
* \headsep=25.0pt
* \topskip=9.0pt
* \footskip=30.0pt
* \marginparwidth=74.0pt
* \marginparsep=10.0pt
* \columnsep=10.0pt
* \skip\footins=8.0pt plus 4.0pt minus 2.0pt
* \hoffset=0.0pt
* \voffset=0.0pt
* \mag=1000
* \@twocolumnfalse
* \@twosidefalse
* \@mparswitchfalse
* \@reversemarginfalse
* (1in=72.27pt=25.4mm, 1cm=28.453pt)


("C:\Users\Christophe Marciot\AppData\Local\Programs\MiKTeX 2.9\tex/latex/graph
ics\graphicx.sty"
Package: graphicx 2019/11/30 v1.2a Enhanced LaTeX Graphics (DPC,SPQR)

("C:\Users\Christophe Marciot\AppData\Local\Programs\MiKTeX 2.9\tex/latex/graph
ics\graphics.sty"
Package: graphics 2019/11/30 v1.4a Standard LaTeX Graphics (DPC,SPQR)

("C:\Users\Christophe Marciot\AppData\Local\Programs\MiKTeX 2.9\tex/latex/graph
ics\trig.sty"
Package: trig 2016/01/03 v1.10 sin cos tan (DPC)
)
("C:\Users\Christophe Marciot\AppData\Local\Programs\MiKTeX 2.9\tex/latex/graph
ics-cfg\graphics.cfg"
File: graphics.cfg 2016/06/04 v1.11 sample graphics configuration
)
Package graphics Info: Driver file: pdftex.def on input line 105.

("C:\Users\Christophe Marciot\AppData\Local\Programs\MiKTeX 2.9\tex/latex/graph
ics-def\pdftex.def"
File: pdftex.def 2018/01/08 v1.0l Graphics/color driver for pdftex

("C:\Users\Christophe Marciot\AppData\Local\Programs\MiKTeX 2.9\tex/context/bas
e/mkii\supp-pdf.mkii"
[Loading MPS to PDF converter (version 2006.09.02).]
\scratchcounter=\count285
\scratchdimen=\dimen165
\scratchbox=\box50
\nofMPsegments=\count286
\nofMParguments=\count287
\everyMPshowfont=\toks27
\MPscratchCnt=\count288
\MPscratchDim=\dimen166
\MPnumerator=\count289
\makeMPintoPDFobject=\count290
\everyMPtoPDFconversion=\toks28
)))
("C:\Users\Christophe Marciot\AppData\Local\Programs\MiKTeX 2.9\tex/latex/epsto
pdf-pkg\epstopdf-base.sty"
Package: epstopdf-base 2020-01-24 v2.11 Base part for package epstopdf
Package epstopdf-base Info: Redefining graphics rule for `.eps' on input line 4
85.
)
\Gin@req@height=\dimen167
\Gin@req@width=\dimen168
)
Overfull \hbox (7.38892pt too wide) in paragraph at lines 73--78
\T1/cmr/m/n/9 The goal was to evaluate the accuracy of the tree obtained in Tas
k $\OT1/cmr/m/n/9 1$ \T1/cmr/m/n/9 on a second set of data - given in the file 
\T1/cmr/m/it/9 test_public_bin.csv\T1/cmr/m/n/9 .
 []


Underfull \hbox (badness 10000) in paragraph at lines 73--78

 []

[1

{C:/Users/Christophe Marciot/AppData/Local/MiKTeX/2.9/pdftex/config/pdftex.map}
] [2] [3] (rapport.aux) ) 
Here is how much of TeX's memory you used:
 7150 strings out of 480896
 130729 string characters out of 2891884
 406874 words of memory out of 3000000
 22967 multiletter control sequences out of 15000+200000
 540710 words of font info for 42 fonts, out of 3000000 for 9000
 1141 hyphenation exceptions out of 8191
 37i,7n,36p,967b,190s stack positions out of 5000i,500n,10000p,200000b,50000s
 <C:\Users\Christophe Marciot\AppData\Local\MiKTeX\2.9
\fonts/pk/ljfour/jknappen/ec/dpi600\ecti0900.pk> <C:\Users\Christophe Marciot\A
ppData\Local\MiKTeX\2.9\fonts/pk/ljfour/jknappen/ec/dpi600\tcrm0900.pk> <C:\Use
rs\Christophe Marciot\AppData\Local\MiKTeX\2.9\fonts/pk/ljfour/jknappen/ec/dpi6
00\ecrm0900.pk> <C:\Users\Christophe Marciot\AppData\Local\MiKTeX\2.9\fonts/pk/
ljfour/jknappen/ec/dpi600\ecbx1000.pk> <C:\Users\Christophe Marciot\AppData\Loc
al\MiKTeX\2.9\fonts/pk/ljfour/jknappen/ec/dpi600\ecbx1095.pk> <C:\Users\Christo
phe Marciot\AppData\Local\MiKTeX\2.9\fonts/pk/ljfour/jknappen/ec/dpi600\ecrm100
0.pk> <C:\Users\Christophe Marciot\AppData\Local\MiKTeX\2.9\fonts/pk/ljfour/jkn
appen/ec/dpi600\ecrm1200.pk><C:/Users/Christophe Marciot/AppData/Local/Programs
/MiKTeX 2.9/fonts/type1/public/amsfonts/cm/cmmi6.pfb><C:/Users/Christophe Marci
ot/AppData/Local/Programs/MiKTeX 2.9/fonts/type1/public/amsfonts/cm/cmmi9.pfb><
C:/Users/Christophe Marciot/AppData/Local/Programs/MiKTeX 2.9/fonts/type1/publi
c/amsfonts/cm/cmr10.pfb><C:/Users/Christophe Marciot/AppData/Local/Programs/MiK
TeX 2.9/fonts/type1/public/amsfonts/cm/cmr6.pfb><C:/Users/Christophe Marciot/Ap
pData/Local/Programs/MiKTeX 2.9/fonts/type1/public/amsfonts/cm/cmr9.pfb><C:/Use
rs/Christophe Marciot/AppData/Local/Programs/MiKTeX 2.9/fonts/type1/public/amsf
onts/cm/cmsy6.pfb><C:/Users/Christophe Marciot/AppData/Local/Programs/MiKTeX 2.
9/fonts/type1/public/amsfonts/cm/cmsy9.pfb>
Output written on rapport.pdf (3 pages, 147035 bytes).
PDF statistics:
 249 PDF objects out of 1000 (max. 8388607)
 0 named destinations out of 1000 (max. 500000)
 1 words of extra memory for PDF output out of 10000 (max. 10000000)

